[2024-10-17 01:58:43,351: INFO: main: this is my first custom log]
[2024-10-17 02:26:10,418: INFO: main: this is my first custom log]
[2024-10-17 04:31:54,925: INFO: common: yaml file: config/config.yaml loaded successfully]
[2024-10-17 04:32:03,135: INFO: common: yaml file: config/config.yaml loaded successfully]
[2024-10-17 04:32:14,079: INFO: common: yaml file: config/config.yaml loaded successfully]
[2024-10-17 04:36:51,010: INFO: common: yaml file: config/config.yaml loaded successfully]
[2024-10-17 04:36:51,023: INFO: common: yaml file: params.yaml loaded successfully]
[2024-10-17 04:36:51,031: INFO: common: yaml file: schema.yaml loaded successfully]
[2024-10-17 04:36:51,031: INFO: common: created directory at: artifacts]
[2024-10-17 04:43:12,843: INFO: common: yaml file: config/config.yaml loaded successfully]
[2024-10-17 04:43:12,845: INFO: common: yaml file: params.yaml loaded successfully]
[2024-10-17 04:43:12,846: INFO: common: yaml file: schema.yaml loaded successfully]
[2024-10-17 04:43:12,847: INFO: common: created directory at: artifacts]
[2024-10-17 04:53:57,003: INFO: common: yaml file: config/config.yaml loaded successfully]
[2024-10-17 04:53:57,007: INFO: common: yaml file: params.yaml loaded successfully]
[2024-10-17 04:53:57,009: INFO: common: yaml file: schema.yaml loaded successfully]
[2024-10-17 04:53:57,010: INFO: common: created directory at: artifacts]
[2024-10-17 04:54:29,797: INFO: common: yaml file: config/config.yaml loaded successfully]
[2024-10-17 04:54:29,799: INFO: common: yaml file: params.yaml loaded successfully]
[2024-10-17 04:54:29,800: INFO: common: yaml file: schema.yaml loaded successfully]
[2024-10-17 04:54:29,801: INFO: common: created directory at: artifacts]
[2024-10-17 04:54:46,745: INFO: common: yaml file: config/config.yaml loaded successfully]
[2024-10-17 04:54:46,747: INFO: common: yaml file: params.yaml loaded successfully]
[2024-10-17 04:54:46,748: INFO: common: yaml file: schema.yaml loaded successfully]
[2024-10-17 04:54:46,748: INFO: common: created directory at: artifacts]
[2024-10-17 04:55:24,658: INFO: common: yaml file: config/config.yaml loaded successfully]
[2024-10-17 04:55:24,661: INFO: common: yaml file: params.yaml loaded successfully]
[2024-10-17 04:55:24,662: INFO: common: yaml file: schema.yaml loaded successfully]
[2024-10-17 04:55:24,663: INFO: common: created directory at: artifacts]
[2024-10-17 05:28:21,823: INFO: common: yaml file: config/config.yaml loaded successfully]
[2024-10-17 05:28:21,826: INFO: common: yaml file: params.yaml loaded successfully]
[2024-10-17 05:28:21,827: INFO: common: yaml file: schema.yaml loaded successfully]
[2024-10-17 05:28:21,828: INFO: common: created directory at: artifacts]
[2024-10-17 05:29:59,269: INFO: common: yaml file: config/config.yaml loaded successfully]
[2024-10-17 05:29:59,278: INFO: common: yaml file: params.yaml loaded successfully]
[2024-10-17 05:29:59,286: INFO: common: yaml file: schema.yaml loaded successfully]
[2024-10-17 05:29:59,290: INFO: common: created directory at: artifacts]
[2024-10-17 05:31:39,152: INFO: common: yaml file: config/config.yaml loaded successfully]
[2024-10-17 05:31:39,156: INFO: common: yaml file: params.yaml loaded successfully]
[2024-10-17 05:31:39,160: INFO: common: yaml file: schema.yaml loaded successfully]
[2024-10-17 05:31:39,161: INFO: common: created directory at: artifacts]
[2024-10-17 05:32:12,397: INFO: common: yaml file: config/config.yaml loaded successfully]
[2024-10-17 05:32:12,400: INFO: common: yaml file: params.yaml loaded successfully]
[2024-10-17 05:32:12,401: INFO: common: yaml file: schema.yaml loaded successfully]
[2024-10-17 05:32:12,402: INFO: common: created directory at: artifacts]
[2024-10-17 05:33:39,133: INFO: common: yaml file: config/config.yaml loaded successfully]
[2024-10-17 05:33:39,137: INFO: common: yaml file: params.yaml loaded successfully]
[2024-10-17 05:33:39,139: INFO: common: yaml file: schema.yaml loaded successfully]
[2024-10-17 05:33:39,141: INFO: common: created directory at: artifacts]
[2024-10-17 05:34:00,987: INFO: common: yaml file: config/config.yaml loaded successfully]
[2024-10-17 05:34:00,989: INFO: common: yaml file: params.yaml loaded successfully]
[2024-10-17 05:34:00,990: INFO: common: yaml file: schema.yaml loaded successfully]
[2024-10-17 05:34:00,991: INFO: common: created directory at: artifacts]
[2024-10-17 05:34:21,278: INFO: common: yaml file: config/config.yaml loaded successfully]
[2024-10-17 05:34:21,279: INFO: common: yaml file: params.yaml loaded successfully]
[2024-10-17 05:34:21,281: INFO: common: yaml file: schema.yaml loaded successfully]
[2024-10-17 05:34:21,281: INFO: common: created directory at: artifacts]
[2024-10-17 05:50:30,485: INFO: common: yaml file: config/config.yaml loaded successfully]
[2024-10-17 05:50:30,487: INFO: common: yaml file: params.yaml loaded successfully]
[2024-10-17 05:50:30,488: INFO: common: yaml file: schema.yaml loaded successfully]
[2024-10-17 05:50:30,489: INFO: common: created directory at: artifacts]
[2024-10-17 05:50:31,494: INFO: 3180306821: File downloaded and saved as artifacts/data_ingestion/data.zip!]
[2024-10-17 05:56:53,317: INFO: common: yaml file: config/config.yaml loaded successfully]
[2024-10-17 05:56:53,320: INFO: common: yaml file: params.yaml loaded successfully]
[2024-10-17 05:56:53,321: INFO: common: yaml file: schema.yaml loaded successfully]
[2024-10-17 05:56:53,322: INFO: common: created directory at: artifacts]
[2024-10-17 05:56:54,154: INFO: 2334480070: File downloaded and saved as artifacts/data_ingestion/data.zip!]
[2024-10-17 06:27:14,832: INFO: main: >>>>> stage Data Ingestion Stage started]
[2024-10-17 06:27:14,833: ERROR: main: DataIngestionTrainingPipeliine.main() missing 1 required positional argument: 'self']
Traceback (most recent call last):
  File "/Users/karthiksridhar/Documents/End2End-ML-Project/main.py", line 8, in <module>
    data_ingestion.main()
TypeError: DataIngestionTrainingPipeliine.main() missing 1 required positional argument: 'self'
[2024-10-17 06:29:33,535: INFO: main: >>>>> stage Data Ingestion Stage started]
[2024-10-17 06:29:33,537: INFO: common: yaml file: config/config.yaml loaded successfully]
[2024-10-17 06:29:33,537: INFO: common: yaml file: params.yaml loaded successfully]
[2024-10-17 06:29:33,537: INFO: common: yaml file: schema.yaml loaded successfully]
[2024-10-17 06:29:33,537: INFO: common: created directory at: artifacts]
[2024-10-17 06:29:34,841: INFO: data_ingestion: File downloaded and saved as artifacts/data_ingestion/data.zip!]
[2024-10-17 06:29:34,848: INFO: main: >>>>> stage Data Ingestion Stage completed]
